<?xml version="1.0" encoding="UTF-8"?>
<!-- Generated by org.testng.reporters.JUnitXMLReporter -->
<testsuite ignored="0" hostname="Swati" failures="0" tests="3" name="Default test" time="20.235" errors="0" timestamp="2024-10-22T20:45:34 IST">
  <testcase classname="swatikagalkaracademy.Tests.SubmitOrderTest" name="submitOrder" time="5.268"/>
  <testcase classname="swatikagalkaracademy.Tests.SubmitOrderTest" name="submitOrder" time="5.2"/>
  <testcase classname="swatikagalkaracademy.Tests.SubmitOrderTest" name="OrderHistoryTest" time="0.786"/>
</testsuite> <!-- Default test -->
