<?xml version="1.0" encoding="UTF-8"?>
<testng-results ignored="0" total="3" passed="3" failed="0" skipped="0">
  <reporter-output>
  </reporter-output>
  <suite started-at="2024-10-22T20:45:14 IST" name="Default suite" finished-at="2024-10-22T20:45:34 IST" duration-ms="20235">
    <groups>
      <group name="Purchase">
        <method signature="SubmitOrderTest.submitOrder(java.util.HashMap)[pri:0, instance:swatikagalkaracademy.Tests.SubmitOrderTest@815b41f]" name="submitOrder" class="swatikagalkaracademy.Tests.SubmitOrderTest"/>
      </group> <!-- Purchase -->
    </groups>
    <test started-at="2024-10-22T20:45:14 IST" name="Default test" finished-at="2024-10-22T20:45:34 IST" duration-ms="20235">
      <class name="swatikagalkaracademy.Tests.SubmitOrderTest">
        <test-method is-config="true" signature="launchApplication()[pri:0, instance:swatikagalkaracademy.Tests.SubmitOrderTest@815b41f]" started-at="2024-10-22T20:45:14 IST" name="launchApplication" finished-at="2024-10-22T20:45:18 IST" duration-ms="3911" status="PASS">
          <reporter-output>
          </reporter-output>
        </test-method> <!-- launchApplication -->
        <test-method signature="submitOrder(java.util.HashMap)[pri:0, instance:swatikagalkaracademy.Tests.SubmitOrderTest@815b41f]" started-at="2024-10-22T20:45:18 IST" name="submitOrder" data-provider="getData" finished-at="2024-10-22T20:45:23 IST" duration-ms="5268" status="PASS">
          <params>
            <param index="0">
              <value>
                <![CDATA[{password=Iamking@000, product=ZARA COAT 3, email=anshika@gmail.com}]]>
              </value>
            </param>
          </params>
          <reporter-output>
          </reporter-output>
        </test-method> <!-- submitOrder -->
        <test-method is-config="true" signature="tearDown()[pri:0, instance:swatikagalkaracademy.Tests.SubmitOrderTest@815b41f]" started-at="2024-10-22T20:45:23 IST" name="tearDown" finished-at="2024-10-22T20:45:23 IST" duration-ms="129" status="PASS">
          <reporter-output>
          </reporter-output>
        </test-method> <!-- tearDown -->
        <test-method is-config="true" signature="launchApplication()[pri:0, instance:swatikagalkaracademy.Tests.SubmitOrderTest@815b41f]" started-at="2024-10-22T20:45:23 IST" name="launchApplication" finished-at="2024-10-22T20:45:25 IST" duration-ms="2115" status="PASS">
          <reporter-output>
          </reporter-output>
        </test-method> <!-- launchApplication -->
        <test-method signature="submitOrder(java.util.HashMap)[pri:0, instance:swatikagalkaracademy.Tests.SubmitOrderTest@815b41f]" started-at="2024-10-22T20:45:25 IST" name="submitOrder" data-provider="getData" finished-at="2024-10-22T20:45:31 IST" duration-ms="5200" status="PASS">
          <params>
            <param index="0">
              <value>
                <![CDATA[{password=Iamking@000, product=ADIDAS ORIGINAL, email=rahulshetty@gmail.com}]]>
              </value>
            </param>
          </params>
          <reporter-output>
          </reporter-output>
        </test-method> <!-- submitOrder -->
        <test-method is-config="true" signature="tearDown()[pri:0, instance:swatikagalkaracademy.Tests.SubmitOrderTest@815b41f]" started-at="2024-10-22T20:45:31 IST" name="tearDown" finished-at="2024-10-22T20:45:31 IST" duration-ms="163" status="PASS">
          <reporter-output>
          </reporter-output>
        </test-method> <!-- tearDown -->
        <test-method is-config="true" signature="launchApplication()[pri:0, instance:swatikagalkaracademy.Tests.SubmitOrderTest@815b41f]" started-at="2024-10-22T20:45:31 IST" name="launchApplication" finished-at="2024-10-22T20:45:33 IST" duration-ms="2162" status="PASS">
          <reporter-output>
          </reporter-output>
        </test-method> <!-- launchApplication -->
        <test-method signature="OrderHistoryTest()[pri:0, instance:swatikagalkaracademy.Tests.SubmitOrderTest@815b41f]" started-at="2024-10-22T20:45:33 IST" name="OrderHistoryTest" finished-at="2024-10-22T20:45:34 IST" depends-on-methods="swatikagalkaracademy.Tests.SubmitOrderTest.submitOrder" duration-ms="786" status="PASS">
          <reporter-output>
          </reporter-output>
        </test-method> <!-- OrderHistoryTest -->
        <test-method is-config="true" signature="tearDown()[pri:0, instance:swatikagalkaracademy.Tests.SubmitOrderTest@815b41f]" started-at="2024-10-22T20:45:34 IST" name="tearDown" finished-at="2024-10-22T20:45:34 IST" duration-ms="110" status="PASS">
          <reporter-output>
          </reporter-output>
        </test-method> <!-- tearDown -->
      </class> <!-- swatikagalkaracademy.Tests.SubmitOrderTest -->
    </test> <!-- Default test -->
  </suite> <!-- Default suite -->
</testng-results>
